Failures: [(<builtins.TestGenerateTeamInsights testMethod=test_single_member_team>, 'Traceback (most recent call last):\n  File "<string>", line 118, in test_single_member_team\nAssertionError: {\'tea[207 chars]: 0.62, \'top_performer_by_tasks\': \'Dana\', \'mos[66 chars]ana\'} != {\'tea[207 chars]: 0.63, \'top_performer_by_tasks\': \'Dana\', \'mos[66 chars]ana\'}\n  {\'average_hours_per_member\': 40.0,\n   \'average_satisfaction_score\': 10.0,\n   \'average_tasks_per_member\': 25.0,\n   \'member_with_lowest_satisfaction\': \'Dana\',\n   \'most_engaged_by_hours\': \'Dana\',\n-  \'team_productivity_tasks_per_hour\': 0.62,\n?                                         ^\n\n+  \'team_productivity_tasks_per_hour\': 0.63,\n?                                         ^\n\n   \'team_size\': 1,\n   \'top_performer_by_tasks\': \'Dana\',\n   \'total_hours_worked\': 40.0,\n   \'total_tasks_completed\': 25}\n')]
Errors: []